# JRE version: OpenJDK Runtime Environment AdoptOpenJDK-11.0.11+9 (11.0.11+9) (build 11.0.11+9)
# Java VM: OpenJDK 64-Bit Server VM AdoptOpenJDK-11.0.11+9 (11.0.11+9, mixed mode, tiered, compressed oops, g1 gc, windows-amd64)
Heap:
 garbage-first heap   total 262144K, used 170342K [0x00000000e0000000, 0x0000000100000000)
  region size 1024K, 49 young (50176K), 5 survivors (5120K)
 Metaspace       used 103480K, capacity 106989K, committed 111352K, reserved 352256K
  class space    used 12410K, capacity 13620K, committed 14336K, reserved 253952K
GC Heap History (20 events):
Event: 23899.335 GC heap before
{Heap before GC invocations=164 (full 0):
 garbage-first heap   total 262144K, used 141501K [0x00000000e0000000, 0x0000000100000000)
  region size 1024K, 28 young (28672K), 1 survivors (1024K)
 Metaspace       used 103255K, capacity 106768K, committed 110840K, reserved 352256K
  class space    used 12391K, capacity 13599K, committed 14336K, reserved 253952K
}
Event: 23899.342 GC heap after
{Heap after GC invocations=165 (full 0):
 garbage-first heap   total 262144K, used 116595K [0x00000000e0000000, 0x0000000100000000)
  region size 1024K, 2 young (2048K), 2 survivors (2048K)
 Metaspace       used 103255K, capacity 106768K, committed 110840K, reserved 352256K
  class space    used 12391K, capacity 13599K, committed 14336K, reserved 253952K
}
Event: 25319.929 GC heap before
{Heap before GC invocations=166 (full 0):
 garbage-first heap   total 262144K, used 216947K [0x00000000e0000000, 0x0000000100000000)
  region size 1024K, 101 young (103424K), 2 survivors (2048K)
 Metaspace       used 103270K, capacity 106672K, committed 110840K, reserved 352256K
  class space    used 12386K, capacity 13587K, committed 14336K, reserved 253952K
}
Event: 25319.937 GC heap after
{Heap after GC invocations=167 (full 0):
 garbage-first heap   total 262144K, used 121586K [0x00000000e0000000, 0x0000000100000000)
  region size 1024K, 7 young (7168K), 7 survivors (7168K)
 Metaspace       used 103270K, capacity 106672K, committed 110840K, reserved 352256K
  class space    used 12386K, capacity 13587K, committed 14336K, reserved 253952K
}
Event: 25319.993 GC heap before
{Heap before GC invocations=167 (full 0):
 garbage-first heap   total 262144K, used 126706K [0x00000000e0000000, 0x0000000100000000)
  region size 1024K, 12 young (12288K), 7 survivors (7168K)
 Metaspace       used 103294K, capacity 106696K, committed 110840K, reserved 352256K
  class space    used 12391K, capacity 13595K, committed 14336K, reserved 253952K
}
Event: 25320.014 GC heap after
{Heap after GC invocations=168 (full 0):
 garbage-first heap   total 262144K, used 109055K [0x00000000e0000000, 0x0000000100000000)
  region size 1024K, 2 young (2048K), 2 survivors (2048K)
 Metaspace       used 103294K, capacity 106696K, committed 110840K, reserved 352256K
  class space    used 12391K, capacity 13595K, committed 14336K, reserved 253952K
}
Event: 25320.712 GC heap before
{Heap before GC invocations=168 (full 0):
 garbage-first heap   total 262144K, used 197119K [0x00000000e0000000, 0x0000000100000000)
  region size 1024K, 90 young (92160K), 2 survivors (2048K)
 Metaspace       used 103335K, capacity 106714K, committed 110840K, reserved 352256K
  class space    used 12397K, capacity 13601K, committed 14336K, reserved 253952K
}
Event: 25320.728 GC heap after
{Heap after GC invocations=169 (full 0):
 garbage-first heap   total 262144K, used 113219K [0x00000000e0000000, 0x0000000100000000)
  region size 1024K, 6 young (6144K), 6 survivors (6144K)
 Metaspace       used 103335K, capacity 106714K, committed 110840K, reserved 352256K
  class space    used 12397K, capacity 13601K, committed 14336K, reserved 253952K
}
Event: 25321.076 GC heap before
{Heap before GC invocations=170 (full 0):
 garbage-first heap   total 262144K, used 216643K [0x00000000e0000000, 0x0000000100000000)
  region size 1024K, 106 young (108544K), 6 survivors (6144K)
 Metaspace       used 103180K, capacity 106480K, committed 110840K, reserved 352256K
  class space    used 12364K, capacity 13543K, committed 14336K, reserved 253952K
}
Event: 25321.089 GC heap after
{Heap after GC invocations=171 (full 0):
 garbage-first heap   total 262144K, used 122613K [0x00000000e0000000, 0x0000000100000000)
  region size 1024K, 14 young (14336K), 14 survivors (14336K)
 Metaspace       used 103180K, capacity 106480K, committed 110840K, reserved 352256K
  class space    used 12364K, capacity 13543K, committed 14336K, reserved 253952K
}
Event: 25321.106 GC heap before
{Heap before GC invocations=171 (full 0):
 garbage-first heap   total 262144K, used 122613K [0x00000000e0000000, 0x0000000100000000)
  region size 1024K, 15 young (15360K), 14 survivors (14336K)
 Metaspace       used 103180K, capacity 106480K, committed 110840K, reserved 352256K
  class space    used 12364K, capacity 13543K, committed 14336K, reserved 253952K
}
Event: 25321.121 GC heap after
{Heap after GC invocations=172 (full 0):
 garbage-first heap   total 262144K, used 113958K [0x00000000e0000000, 0x0000000100000000)
  region size 1024K, 2 young (2048K), 2 survivors (2048K)
 Metaspace       used 103180K, capacity 106480K, committed 110840K, reserved 352256K
  class space    used 12364K, capacity 13543K, committed 14336K, reserved 253952K
}
Event: 25321.891 GC heap before
{Heap before GC invocations=172 (full 0):
 garbage-first heap   total 262144K, used 214310K [0x00000000e0000000, 0x0000000100000000)
  region size 1024K, 100 young (102400K), 2 survivors (2048K)
 Metaspace       used 107408K, capacity 110855K, committed 111352K, reserved 352256K
  class space    used 12930K, capacity 14193K, committed 14336K, reserved 253952K
}
Event: 25321.903 GC heap after
{Heap after GC invocations=173 (full 0):
 garbage-first heap   total 262144K, used 119232K [0x00000000e0000000, 0x0000000100000000)
  region size 1024K, 8 young (8192K), 8 survivors (8192K)
 Metaspace       used 107408K, capacity 110855K, committed 111352K, reserved 352256K
  class space    used 12930K, capacity 14193K, committed 14336K, reserved 253952K
}
Event: 28642.114 GC heap before
{Heap before GC invocations=174 (full 0):
 garbage-first heap   total 262144K, used 213440K [0x00000000e0000000, 0x0000000100000000)
  region size 1024K, 101 young (103424K), 8 survivors (8192K)
 Metaspace       used 103445K, capacity 106909K, committed 111352K, reserved 352256K
  class space    used 12405K, capacity 13614K, committed 14336K, reserved 253952K
}
Event: 28642.130 GC heap after
{Heap after GC invocations=175 (full 0):
 garbage-first heap   total 262144K, used 122996K [0x00000000e0000000, 0x0000000100000000)
  region size 1024K, 4 young (4096K), 4 survivors (4096K)
 Metaspace       used 103445K, capacity 106909K, committed 111352K, reserved 352256K
  class space    used 12405K, capacity 13614K, committed 14336K, reserved 253952K
}
Event: 28642.297 GC heap before
{Heap before GC invocations=175 (full 0):
 garbage-first heap   total 262144K, used 130164K [0x00000000e0000000, 0x0000000100000000)
  region size 1024K, 12 young (12288K), 4 survivors (4096K)
 Metaspace       used 103446K, capacity 106909K, committed 111352K, reserved 352256K
  class space    used 12405K, capacity 13614K, committed 14336K, reserved 253952K
}
Event: 28642.310 GC heap after
{Heap after GC invocations=176 (full 0):
 garbage-first heap   total 262144K, used 123374K [0x00000000e0000000, 0x0000000100000000)
  region size 1024K, 2 young (2048K), 2 survivors (2048K)
 Metaspace       used 103446K, capacity 106909K, committed 111352K, reserved 352256K
  class space    used 12405K, capacity 13614K, committed 14336K, reserved 253952K
}
Event: 28643.359 GC heap before
{Heap before GC invocations=176 (full 0):
 garbage-first heap   total 262144K, used 202222K [0x00000000e0000000, 0x0000000100000000)
  region size 1024K, 80 young (81920K), 2 survivors (2048K)
 Metaspace       used 103454K, capacity 106917K, committed 111352K, reserved 352256K
  class space    used 12406K, capacity 13616K, committed 14336K, reserved 253952K
}
Event: 28643.371 GC heap after
{Heap after GC invocations=177 (full 0):
 garbage-first heap   total 262144K, used 126310K [0x00000000e0000000, 0x0000000100000000)
  region size 1024K, 5 young (5120K), 5 survivors (5120K)
 Metaspace       used 103454K, capacity 106917K, committed 111352K, reserved 352256K
  class space    used 12406K, capacity 13616K, committed 14336K, reserved 253952K
}

